c:\users\xus6\onedrive - miami university\mu\cse287\cse287lab8\cse287lab\release\vc140.pdb
c:\users\xus6\onedrive - miami university\mu\cse287\cse287lab8\cse287lab\release\pervertexoperations.obj
c:\users\xus6\onedrive - miami university\mu\cse287\cse287lab8\cse287lab\release\rasterization.obj
c:\users\xus6\onedrive - miami university\mu\cse287\cse287lab8\cse287lab\release\perfragmentoperations.obj
c:\users\xus6\onedrive - miami university\mu\cse287\cse287lab8\cse287lab\release\lab.obj
c:\users\xus6\onedrive - miami university\mu\cse287\cse287lab8\cse287lab\release\framebuffer.obj
c:\users\xus6\onedrive - miami university\mu\cse287\cse287lab8\cse287lab\release\basicincludesanddefines.obj
c:\users\malanore\onedrive - miami university\mu\cse287\cse287lab8\cse287lab\release\vc140.pdb
c:\users\malanore\onedrive - miami university\mu\cse287\cse287lab8\cse287lab\release\pervertexoperations.obj
c:\users\malanore\onedrive - miami university\mu\cse287\cse287lab8\cse287lab\release\rasterization.obj
c:\users\malanore\onedrive - miami university\mu\cse287\cse287lab8\cse287lab\release\perfragmentoperations.obj
c:\users\malanore\onedrive - miami university\mu\cse287\cse287lab8\cse287lab\release\lab.obj
c:\users\malanore\onedrive - miami university\mu\cse287\cse287lab8\cse287lab\release\framebuffer.obj
c:\users\malanore\onedrive - miami university\mu\cse287\cse287lab8\cse287lab\release\basicincludesanddefines.obj
c:\users\xus6\onedrive - miami university\mu\cse287\cse287lab8\release\cse287lab.exe
c:\users\xus6\onedrive - miami university\mu\cse287\cse287lab8\release\cse287lab.ipdb
c:\users\xus6\onedrive - miami university\mu\cse287\cse287lab8\release\cse287lab.iobj
c:\users\xus6\onedrive - miami university\mu\cse287\cse287lab8\release\cse287lab.pdb
c:\users\malanore\onedrive - miami university\mu\cse287\cse287lab8\release\cse287lab.exe
c:\users\malanore\onedrive - miami university\mu\cse287\cse287lab8\release\cse287lab.ipdb
c:\users\malanore\onedrive - miami university\mu\cse287\cse287lab8\release\cse287lab.iobj
c:\users\malanore\onedrive - miami university\mu\cse287\cse287lab8\release\cse287lab.pdb
c:\users\malanore\onedrive - miami university\mu\cse287\cse287lab8\cse287lab\release\cse287lab.tlog\cl.command.1.tlog
c:\users\malanore\onedrive - miami university\mu\cse287\cse287lab8\cse287lab\release\cse287lab.tlog\cl.read.1.tlog
c:\users\malanore\onedrive - miami university\mu\cse287\cse287lab8\cse287lab\release\cse287lab.tlog\cl.write.1.tlog
c:\users\malanore\onedrive - miami university\mu\cse287\cse287lab8\cse287lab\release\cse287lab.tlog\link.command.1.tlog
c:\users\malanore\onedrive - miami university\mu\cse287\cse287lab8\cse287lab\release\cse287lab.tlog\link.read.1.tlog
c:\users\malanore\onedrive - miami university\mu\cse287\cse287lab8\cse287lab\release\cse287lab.tlog\link.write.1.tlog
