c:\users\malanore\onedrive - miami university\mu\cse287\cse287lab4\cse287lab\release\vc140.pdb
c:\users\malanore\onedrive - miami university\mu\cse287\cse287lab4\cse287lab\release\surface.obj
c:\users\malanore\onedrive - miami university\mu\cse287\cse287lab4\cse287lab\release\sphere.obj
c:\users\malanore\onedrive - miami university\mu\cse287\cse287lab4\cse287lab\release\raytracer.obj
c:\users\malanore\onedrive - miami university\mu\cse287\cse287lab4\cse287lab\release\quadricsurface.obj
c:\users\malanore\onedrive - miami university\mu\cse287\cse287lab4\cse287lab\release\polygon1.obj
c:\users\malanore\onedrive - miami university\mu\cse287\cse287lab4\cse287lab\release\plane.obj
c:\users\malanore\onedrive - miami university\mu\cse287\cse287lab4\cse287lab\release\lights.obj
c:\users\malanore\onedrive - miami university\mu\cse287\cse287lab4\cse287lab\release\lab.obj
c:\users\malanore\onedrive - miami university\mu\cse287\cse287lab4\cse287lab\release\framebuffer.obj
c:\users\malanore\onedrive - miami university\mu\cse287\cse287lab4\cse287lab\release\cylinderalongx.obj
c:\users\malanore\onedrive - miami university\mu\cse287\cse287lab4\cse287lab\release\colorbuffer.obj
c:\users\malanore\onedrive - miami university\mu\cse287\cse287lab4\cse287lab\release\basicincludesanddefines.obj
c:\users\malanore\onedrive - miami university\mu\cse287\cse287lab4\release\cse287lab.exe
c:\users\malanore\onedrive - miami university\mu\cse287\cse287lab4\release\cse287lab.ipdb
c:\users\malanore\onedrive - miami university\mu\cse287\cse287lab4\release\cse287lab.iobj
c:\users\malanore\onedrive - miami university\mu\cse287\cse287lab4\release\cse287lab.pdb
c:\users\malanore\onedrive - miami university\mu\cse287\cse287lab4\cse287lab\release\cse287lab.tlog\cl.command.1.tlog
c:\users\malanore\onedrive - miami university\mu\cse287\cse287lab4\cse287lab\release\cse287lab.tlog\cl.read.1.tlog
c:\users\malanore\onedrive - miami university\mu\cse287\cse287lab4\cse287lab\release\cse287lab.tlog\cl.write.1.tlog
c:\users\malanore\onedrive - miami university\mu\cse287\cse287lab4\cse287lab\release\cse287lab.tlog\link.command.1.tlog
c:\users\malanore\onedrive - miami university\mu\cse287\cse287lab4\cse287lab\release\cse287lab.tlog\link.read.1.tlog
c:\users\malanore\onedrive - miami university\mu\cse287\cse287lab4\cse287lab\release\cse287lab.tlog\link.write.1.tlog
