c:\users\bachmaer\desktop\cse287lab revisedpipeline\cse287lab\debug\vc140.pdb
c:\users\bachmaer\desktop\cse287lab revisedpipeline\cse287lab\debug\vc140.idb
c:\users\bachmaer\desktop\cse287lab revisedpipeline\cse287lab\debug\basicincludesanddefines.obj
c:\users\bachmaer\desktop\cse287lab revisedpipeline\cse287lab\debug\framebuffer.obj
c:\users\bachmaer\desktop\cse287lab revisedpipeline\cse287lab\debug\lab.obj
c:\users\bachmaer\desktop\cse287lab revisedpipeline\cse287lab\debug\perfragmentoperations.obj
c:\users\bachmaer\desktop\cse287lab revisedpipeline\cse287lab\debug\rasterization.obj
c:\users\bachmaer\desktop\cse287lab revisedpipeline\cse287lab\debug\shapes.obj
c:\users\bachmaer\desktop\cse287lab revisedpipeline\cse287lab\debug\pervertexoperations.obj
h:\courses\cse 287\developmentcode\cse287lab revisedpipeline\cse287lab\debug\vc140.pdb
h:\courses\cse 287\developmentcode\cse287lab revisedpipeline\cse287lab\debug\vc140.idb
h:\courses\cse 287\developmentcode\cse287lab revisedpipeline\cse287lab\debug\basicincludesanddefines.obj
h:\courses\cse 287\developmentcode\cse287lab revisedpipeline\cse287lab\debug\framebuffer.obj
h:\courses\cse 287\developmentcode\cse287lab revisedpipeline\cse287lab\debug\lab.obj
h:\courses\cse 287\developmentcode\cse287lab revisedpipeline\cse287lab\debug\perfragmentoperations.obj
h:\courses\cse 287\developmentcode\cse287lab revisedpipeline\cse287lab\debug\rasterization.obj
h:\courses\cse 287\developmentcode\cse287lab revisedpipeline\cse287lab\debug\shapes.obj
h:\courses\cse 287\developmentcode\cse287lab revisedpipeline\cse287lab\debug\pervertexoperations.obj
c:\users\bachmaer\desktop\cse287lab revisedpipeline\debug\cse287lab.ilk
c:\users\bachmaer\desktop\cse287lab revisedpipeline\debug\cse287lab.exe
c:\users\bachmaer\desktop\cse287lab revisedpipeline\debug\cse287lab.pdb
h:\courses\cse 287\developmentcode\cse287lab revisedpipeline\debug\cse287lab.ilk
h:\courses\cse 287\developmentcode\cse287lab revisedpipeline\debug\cse287lab.exe
h:\courses\cse 287\developmentcode\cse287lab revisedpipeline\debug\cse287lab.pdb
h:\courses\cse 287\developmentcode\cse287lab revisedpipeline\cse287lab\debug\cse287lab.tlog\cl.command.1.tlog
h:\courses\cse 287\developmentcode\cse287lab revisedpipeline\cse287lab\debug\cse287lab.tlog\cl.read.1.tlog
h:\courses\cse 287\developmentcode\cse287lab revisedpipeline\cse287lab\debug\cse287lab.tlog\cl.write.1.tlog
h:\courses\cse 287\developmentcode\cse287lab revisedpipeline\cse287lab\debug\cse287lab.tlog\link.command.1.tlog
h:\courses\cse 287\developmentcode\cse287lab revisedpipeline\cse287lab\debug\cse287lab.tlog\link.read.1.tlog
h:\courses\cse 287\developmentcode\cse287lab revisedpipeline\cse287lab\debug\cse287lab.tlog\link.write.1.tlog
